<?xml version="1.0" encoding="UTF-8"?>
<!-- Generated by org.testng.reporters.JUnitXMLReporter -->
<testsuite hostname="DESKTOP-7UIB482" ignored="0" name="Test" tests="1" failures="1" timestamp="07 Dec 2018 07:32:06 GMT" time="26.796" errors="0">
  <testcase name="homePageValidation" time="19.877" classname="com.TestCase.HomePage_TestCase">
    <failure type="java.lang.Error" message="Unresolved compilation problems: 
	The method readExel(int) is undefined for the type LoginPage
	The method readExel(int) is undefined for the type LoginPage
	The method readExel(int) is undefined for the type LoginPage
">
      <![CDATA[java.lang.Error: Unresolved compilation problems: The method readExel(int) is undefined for the type LoginPageThe method readExel(int) is undefined for the type LoginPageThe method readExel(int) is undefined for the type LoginPageat com.Amazom.pages.LoginPage.loginValidation(LoginPage.java:31)at com.ApplicationFn.Amazon_Application_Fn.validateLoginPage(Amazon_Application_Fn.java:86)at com.TestCase.HomePage_TestCase.homePageValidation(HomePage_TestCase.java:28)... Removed 25 stack frames]]>
    </failure>
  </testcase> <!-- homePageValidation -->
</testsuite> <!-- Test -->
