<?xml version="1.0" encoding="UTF-8"?>
<testng-results skipped="0" failed="1" ignored="0" total="1" passed="0">
  <reporter-output>
  </reporter-output>
  <suite name="Suite" duration-ms="26796" started-at="2018-12-07T07:31:39Z" finished-at="2018-12-07T07:32:06Z">
    <groups>
    </groups>
    <test name="Test" duration-ms="26796" started-at="2018-12-07T07:31:39Z" finished-at="2018-12-07T07:32:06Z">
      <class name="com.TestCase.HomePage_TestCase">
        <test-method status="PASS" signature="invokeBrowser()[pri:0, instance:com.TestCase.HomePage_TestCase@4493d195]" name="invokeBrowser" is-config="true" duration-ms="6897" started-at="2018-12-07T13:01:39Z" finished-at="2018-12-07T13:01:46Z">
          <reporter-output>
          </reporter-output>
        </test-method> <!-- invokeBrowser -->
        <test-method status="FAIL" signature="homePageValidation()[pri:1, instance:com.TestCase.HomePage_TestCase@4493d195]" name="homePageValidation" duration-ms="19877" started-at="2018-12-07T13:01:46Z" finished-at="2018-12-07T13:02:06Z">
          <exception class="java.lang.Error">
            <message>
              <![CDATA[Unresolved compilation problems: The method readExel(int) is undefined for the type LoginPageThe method readExel(int) is undefined for the type LoginPageThe method readExel(int) is undefined for the type LoginPage]]>
            </message>
            <full-stacktrace>
              <![CDATA[java.lang.Error: Unresolved compilation problems: The method readExel(int) is undefined for the type LoginPageThe method readExel(int) is undefined for the type LoginPageThe method readExel(int) is undefined for the type LoginPageat com.Amazom.pages.LoginPage.loginValidation(LoginPage.java:31)at com.ApplicationFn.Amazon_Application_Fn.validateLoginPage(Amazon_Application_Fn.java:86)at com.TestCase.HomePage_TestCase.homePageValidation(HomePage_TestCase.java:28)at sun.reflect.NativeMethodAccessorImpl.invoke0(Native Method)at sun.reflect.NativeMethodAccessorImpl.invoke(Unknown Source)at sun.reflect.DelegatingMethodAccessorImpl.invoke(Unknown Source)at java.lang.reflect.Method.invoke(Unknown Source)at org.testng.internal.MethodInvocationHelper.invokeMethod(MethodInvocationHelper.java:124)at org.testng.internal.Invoker.invokeMethod(Invoker.java:571)at org.testng.internal.Invoker.invokeTestMethod(Invoker.java:707)at org.testng.internal.Invoker.invokeTestMethods(Invoker.java:979)at org.testng.internal.TestMethodWorker.invokeTestMethods(TestMethodWorker.java:125)at org.testng.internal.TestMethodWorker.run(TestMethodWorker.java:109)at org.testng.TestRunner.privateRun(TestRunner.java:648)at org.testng.TestRunner.run(TestRunner.java:505)at org.testng.SuiteRunner.runTest(SuiteRunner.java:455)at org.testng.SuiteRunner.runSequentially(SuiteRunner.java:450)at org.testng.SuiteRunner.privateRun(SuiteRunner.java:415)at org.testng.SuiteRunner.run(SuiteRunner.java:364)at org.testng.SuiteRunnerWorker.runSuite(SuiteRunnerWorker.java:52)at org.testng.SuiteRunnerWorker.run(SuiteRunnerWorker.java:84)at org.testng.TestNG.runSuitesSequentially(TestNG.java:1187)at org.testng.TestNG.runSuitesLocally(TestNG.java:1116)at org.testng.TestNG.runSuites(TestNG.java:1028)at org.testng.TestNG.run(TestNG.java:996)at org.testng.remote.AbstractRemoteTestNG.run(AbstractRemoteTestNG.java:114)at org.testng.remote.RemoteTestNG.initAndRun(RemoteTestNG.java:251)at org.testng.remote.RemoteTestNG.main(RemoteTestNG.java:77)]]>
            </full-stacktrace>
          </exception> <!-- java.lang.Error -->
          <reporter-output>
          </reporter-output>
        </test-method> <!-- homePageValidation -->
      </class> <!-- com.TestCase.HomePage_TestCase -->
    </test> <!-- Test -->
  </suite> <!-- Suite -->
</testng-results>
